====================================
Stock Radar V1.8 自動驗收測試
====================================
工作目錄：D:\code\stock-radar\stock-radar-api
Log 檔案：D:\code\stock-radar\stock-radar-api\logs\v18-acceptance-20260625-201614.log
開始時間：2026/6/25 20:16:14
API：http://localhost:3000
DB流程：執行 setup / generate
--------------------------------------------------
開始：API 語法檢查
指令：node --check server.js
完成：API 語法檢查，耗時 0分0秒
--------------------------------------------------
開始：PWA app.js 語法檢查
指令：node --check D:\code\stock-radar\stock-radar-frontend\app.js
完成：PWA app.js 語法檢查，耗時 0分0秒
--------------------------------------------------
開始：建立 V1.8 主力籌碼資料表
指令：npm run main-force:setup

> stock-radar-api@1.0.0 main-force:setup
> node scripts/setupMainForceEngineTables.js

◇ injected env (0) from .env // tip: ⌘ multiple files { path: ['.env.local', '.env'] }
◇ injected env (0) from .env // tip: ◈ secrets for agents [www.dotenvx.com]
====================================
Stock Radar V1.8 主力籌碼引擎資料表建立
====================================
SQL：D:\code\stock-radar\stock-radar-api\sql\v18-main-force-engine.sql
建立 / 確認完成：
- main_force_signals
- main_force_summaries
結果：PASS
完成：建立 V1.8 主力籌碼資料表，耗時 0分1秒
--------------------------------------------------
開始：產生主力籌碼訊號
指令：npm run main-force:generate

> stock-radar-api@1.0.0 main-force:generate
> node scripts/generateMainForceSignals.js

◇ injected env (0) from .env // tip: ◈ secrets for agents [www.dotenvx.com]
◇ injected env (0) from .env // tip: ⌁ auth for agents [www.vestauth.com]
====================================
Stock Radar V1.8 主力籌碼訊號產生
====================================
分析日期：2026-06-25
集保資料日期：2026-06-18
更新個股數：1994
略過個股數：0
主力分數區間：0 ～ 100
平均主力分數：47
等級統計：STRONG 63｜WATCH 155｜EARLY 381｜RISK 146
結果：PASS
完成：產生主力籌碼訊號，耗時 0分36秒
--------------------------------------------------
開始：V1.8 靜態 / API 驗收
指令：npm run v18:check -- --api=http://localhost:3000

> stock-radar-api@1.0.0 v18:check
> node scripts/checkV18.js --api=http://localhost:3000


[API 動態檢查] http://localhost:3000
====================================
Stock Radar V1.8 靜態 / API 驗收檢查
====================================
✅ [版本] API 版本為 V1.8.0 - stock-radar-api-v1.8.0
✅ [版本] API 預期 PWA 版本為 v64 - stock-radar-pwa-v64
✅ [版本] service-worker 快取版本為 v64 - stock-radar-pwa-v64
✅ [npm 指令] main-force:setup - node scripts/setupMainForceEngineTables.js
✅ [npm 指令] main-force:generate - node scripts/generateMainForceSignals.js
✅ [npm 指令] main-force:daily - npm run main-force:setup && npm run main-force:generate
✅ [npm 指令] v18:check - node scripts/checkV18.js
✅ [npm 指令] v18:test - node scripts/runV18Acceptance.js
✅ [npm 指令] breakout:daily - npm run breakout:setup && npm run breakout:generate
✅ [npm 指令] global-risk:daily - npm run global-risk:import && npm run global-risk:score
✅ [npm 指令] market-risk:daily - npm run market-risk:import && npm run market-risk:score
✅ [npm 指令] official:daily - npm run official:market && npm run official:revenue && npm run official:eps && npm run official:etf && npm run official:events && npm run official:institutional-amounts
✅ [npm 指令] alerts:generate - node scripts/generateWatchlistAlerts.js
✅ [npm 指令] strategy-backtests:generate - node scripts/generateStrategyBacktests.js
✅ [必要檔案] stock-radar-api/sql/v18-main-force-engine.sql - 存在
✅ [必要檔案] stock-radar-api/scripts/setupMainForceEngineTables.js - 存在
✅ [必要檔案] stock-radar-api/scripts/generateMainForceSignals.js - 存在
✅ [必要檔案] stock-radar-api/scripts/checkV18.js - 存在
✅ [必要檔案] stock-radar-api/scripts/runV18Acceptance.js - 存在
✅ [必要檔案] stock-radar-api/server.js - 存在
✅ [必要檔案] stock-radar-frontend/app.js - 存在
✅ [必要檔案] stock-radar-frontend/style.css - 存在
✅ [必要檔案] stock-radar-frontend/service-worker.js - 存在
✅ [SQL] main_force_signals 資料表 - v18-main-force-engine.sql
✅ [SQL] main_force_summaries 資料表 - v18-main-force-engine.sql
✅ [SQL] Main Force Score 欄位 - main_force_score
✅ [SQL] 估算主力成本欄位 - estimated_main_force_cost
✅ [SQL] 出貨風險欄位 - distribution_risk
✅ [API 路由] GET /health - server.js 靜態檢查
✅ [API 路由] GET /v18/status - server.js 靜態檢查
✅ [API 路由] GET /v18/acceptance - server.js 靜態檢查
✅ [API 路由] GET /main-force/latest - server.js 靜態檢查
✅ [API 路由] GET /main-force/top - server.js 靜態檢查
✅ [API 路由] GET /radar/top - server.js 靜態檢查
✅ [前端] 主力籌碼狀態卡 - renderMainForcePanel
✅ [前端] 首頁讀取 /main-force/latest - /main-force/latest
✅ [前端] 股票卡顯示主力分數 - 主力分數
✅ [前端] 股票卡顯示估算成本 - 估算成本
✅ [前端] V1.8 狀態檢查 - /v18/status
✅ [API 動態] /health - HTTP 200
✅ [API 動態] /v18/status - HTTP 200
✅ [API 動態] /v18/acceptance - HTTP 200
✅ [API 動態] /main-force/latest - HTTP 200
✅ [API 動態] /main-force/top - HTTP 200
------------------------------------
PASS：44
WARN：0
FAIL：0
結果：PASS
完成：V1.8 靜態 / API 驗收，耗時 0分1秒
--------------------------------------------------
結束時間：2026/6/25 20:16:51
總耗時：0分38秒
結果：PASS
