====================================
Stock Radar V2.0 自動驗收測試
====================================
工作目錄：D:\code\stock-radar\stock-radar-api
Log 檔案：D:\code\stock-radar\stock-radar-api\logs\v20-acceptance-20260625-204311.log
開始時間：2026/6/25 20:43:11
API：http://localhost:3000
DB流程：執行 setup / generate
--------------------------------------------------
開始：API 語法檢查
指令：node --check server.js
完成：API 語法檢查，耗時 0分0秒
--------------------------------------------------
開始：PWA app.js 語法檢查
指令：node --check D:\code\stock-radar\stock-radar-frontend\app.js
完成：PWA app.js 語法檢查，耗時 0分0秒
--------------------------------------------------
開始：建立 V2.0 AI 多因子選股資料表
指令：npm run ai-selection:setup

> stock-radar-api@1.0.0 ai-selection:setup
> node scripts/setupAiSelectionTables.js

◇ injected env (0) from .env // tip: ⌁ auth for agents [www.vestauth.com]
◇ injected env (0) from .env // tip: ⌘ override existing { override: true }
====================================
Stock Radar V2.0 AI 多因子選股資料表建立
====================================
SQL：D:\code\stock-radar\stock-radar-api\sql\v20-ai-selection-engine.sql
建立 / 確認完成：
- ai_selection_signals
- ai_selection_summaries
結果：PASS
完成：建立 V2.0 AI 多因子選股資料表，耗時 0分1秒
--------------------------------------------------
開始：產生AI 多因子選股訊號
指令：npm run ai-selection:generate

> stock-radar-api@1.0.0 ai-selection:generate
> node scripts/generateAiSelectionSignals.js

◇ injected env (0) from .env // tip: ⌘ multiple files { path: ['.env.local', '.env'] }
◇ injected env (0) from .env // tip: ⌘ custom filepath { path: '/custom/path/.env' }
====================================
Stock Radar V2.0 AI 多因子選股訊號產生
====================================
分析日期：2026-06-25
因子資料：marketRisk=Y / globalRisk=Y / breakout=Y / mainForce=Y / bigHolder=Y / revenue=Y / eps=Y
更新個股數：1954
AI 強勢分數區間：0 ～ 65.84
平均 AI 強勢分數：13.89
等級統計：AI_STRONG 0｜AI_WATCH 0｜AI_RISK 1954
結果：PASS
完成：產生AI 多因子選股訊號，耗時 0分18秒
--------------------------------------------------
開始：V2.0 靜態 / API 驗收
指令：npm run v20:check -- --api=http://localhost:3000

> stock-radar-api@1.0.0 v20:check
> node scripts/checkV20.js --api=http://localhost:3000


[API 動態檢查] http://localhost:3000
====================================
Stock Radar V2.0 靜態 / API 驗收檢查
====================================
✅ [版本] API 版本為 V2.0.0 - stock-radar-api-v2.0.0
✅ [版本] API 預期 PWA 版本為 v70 - stock-radar-pwa-v70
✅ [版本] service-worker 快取版本為 v70 - stock-radar-pwa-v70
✅ [npm 指令] ai-selection:setup - node scripts/setupAiSelectionTables.js
✅ [npm 指令] ai-selection:generate - node scripts/generateAiSelectionSignals.js
✅ [npm 指令] ai-selection:daily - npm run ai-selection:setup && npm run ai-selection:generate
✅ [npm 指令] v20:check - node scripts/checkV20.js
✅ [npm 指令] v20:test - node scripts/runV20Acceptance.js
✅ [npm 指令] big-holder:daily - npm run big-holder:setup && npm run big-holder:generate
✅ [npm 指令] main-force:daily - npm run main-force:setup && npm run main-force:generate
✅ [npm 指令] breakout:daily - npm run breakout:setup && npm run breakout:generate
✅ [npm 指令] global-risk:daily - npm run global-risk:import && npm run global-risk:score
✅ [npm 指令] market-risk:daily - npm run market-risk:import && npm run market-risk:score
✅ [npm 指令] official:daily - npm run official:market && npm run official:revenue && npm run official:eps && npm run official:etf && npm run official:events && npm run official:institutional-amounts
✅ [npm 指令] alerts:generate - node scripts/generateWatchlistAlerts.js
✅ [npm 指令] strategy-backtests:generate - node scripts/generateStrategyBacktests.js
✅ [必要檔案] stock-radar-api/sql/v20-ai-selection-engine.sql - 存在
✅ [必要檔案] stock-radar-api/scripts/setupAiSelectionTables.js - 存在
✅ [必要檔案] stock-radar-api/scripts/generateAiSelectionSignals.js - 存在
✅ [必要檔案] stock-radar-api/scripts/checkV20.js - 存在
✅ [必要檔案] stock-radar-api/scripts/runV20Acceptance.js - 存在
✅ [必要檔案] stock-radar-api/server.js - 存在
✅ [必要檔案] stock-radar-frontend/app.js - 存在
✅ [必要檔案] stock-radar-frontend/style.css - 存在
✅ [必要檔案] stock-radar-frontend/service-worker.js - 存在
✅ [SQL] ai_selection_signals 資料表 - v20-ai-selection-engine.sql
✅ [SQL] ai_selection_summaries 資料表 - v20-ai-selection-engine.sql
✅ [SQL] AI Strength Score 欄位 - ai_strength_score
✅ [SQL] 多因子欄位 - factor score columns
✅ [SQL] 推薦 / 不推薦理由欄位 - recommend_reason / avoid_reason
✅ [API 路由] GET /health - server.js 靜態檢查
✅ [API 路由] GET /v20/status - server.js 靜態檢查
✅ [API 路由] GET /v20/acceptance - server.js 靜態檢查
✅ [API 路由] GET /ai-selection/latest - server.js 靜態檢查
✅ [API 路由] GET /ai-selection/top - server.js 靜態檢查
✅ [API 路由] GET /radar/top - server.js 靜態檢查
✅ [前端] AI 多因子選股卡 - renderAiSelectionPanel
✅ [前端] 首頁讀取 /ai-selection/latest - /ai-selection/latest
✅ [前端] 股票卡顯示 AI 強勢分數 - AI 強勢
✅ [前端] 股票卡顯示推薦理由 - 推薦理由
✅ [前端] V2.0 狀態檢查 - /v20/status
✅ [API 動態] /health - HTTP 200
✅ [API 動態] /v20/status - HTTP 200
✅ [API 動態] /v20/acceptance - HTTP 200
✅ [API 動態] /ai-selection/latest - HTTP 200
✅ [API 動態] /ai-selection/top - HTTP 200
------------------------------------
PASS：46
WARN：0
FAIL：0
結果：PASS
完成：V2.0 靜態 / API 驗收，耗時 0分1秒
--------------------------------------------------
結束時間：2026/6/25 20:43:31
總耗時：0分20秒
結果：PASS
